<?xml version="1.0" encoding="UTF-8"?>
<!-- Generated by org.testng.reporters.JUnitReportReporter -->
<testsuite skipped="0" hostname="WIN2012R2-W9NW3" name="com.item.page.ItemPage" tests="3" failures="0" timestamp="13 Jan 2019 02:21:15 GMT" time="30.264" errors="0">
  <testcase name="verifyProductDetails" time="3.708" classname="com.item.page.ItemPage"/>
  <testcase name="verifyAddtoCartFunction" time="7.507" classname="com.item.page.ItemPage"/>
  <testcase name="verifyCartCheckoutAndPayment" time="19.049" classname="com.item.page.ItemPage"/>
</testsuite> <!-- com.item.page.ItemPage -->
