<?xml version="1.0" encoding="UTF-8"?>
<!-- Generated by org.testng.reporters.JUnitReportReporter -->
<testsuite skipped="0" hostname="WIN2012R2-W9NW3" name="walmart.item.page.ItemPage" tests="3" failures="0" timestamp="13 Jan 2019 00:40:37 GMT" time="31.247" errors="0">
  <testcase name="verifyProductDetails" time="5.368" classname="walmart.item.page.ItemPage"/>
  <testcase name="verifyAddtoCartFunction" time="8.302" classname="walmart.item.page.ItemPage"/>
  <testcase name="verifyCartCheckoutAndPayment" time="17.577" classname="walmart.item.page.ItemPage"/>
</testsuite> <!-- walmart.item.page.ItemPage -->
