<?xml version="1.0" encoding="UTF-8"?>
<!-- Generated by org.testng.reporters.JUnitReportReporter -->
<testsuite skipped="0" hostname="WIN2012R2-W9NW3" name="com.item.page.ItemPage" tests="3" failures="0" timestamp="14 Jan 2019 03:04:03 GMT" time="30.482" errors="0">
  <testcase name="verifyProductDetails" time="4.092" classname="com.item.page.ItemPage"/>
  <testcase name="verifyAddtoCartFunction" time="7.799" classname="com.item.page.ItemPage"/>
  <testcase name="verifyCartCheckoutAndPayment" time="18.591" classname="com.item.page.ItemPage"/>
</testsuite> <!-- com.item.page.ItemPage -->
