<?xml version="1.0" encoding="UTF-8"?>
<!-- Generated by org.testng.reporters.JUnitReportReporter -->
<testsuite skipped="0" hostname="WIN2012R2-W9NW3" name="walmart.item.page.ItemPage" tests="3" failures="0" timestamp="12 Jan 2019 21:09:23 GMT" time="31.726" errors="0">
  <testcase name="verifyProductDetails" time="3.286" classname="walmart.item.page.ItemPage"/>
  <testcase name="verifyAddtoCartFunction" time="8.015" classname="walmart.item.page.ItemPage"/>
  <testcase name="verifyCartCheckoutAndPayment" time="20.425" classname="walmart.item.page.ItemPage"/>
</testsuite> <!-- walmart.item.page.ItemPage -->
